# JRE version: Java(TM) SE Runtime Environment (8.0_101-b13) (build 1.8.0_101-b13)
# Java VM: Java HotSpot(TM) 64-Bit Server VM (25.101-b13 mixed mode windows-amd64 compressed oops)
Heap:
 PSYoungGen      total 456704K, used 272890K [0x00000000d6300000, 0x0000000100000000, 0x0000000100000000)
  eden space 228352K, 61% used [0x00000000d6300000,0x00000000deb82188,0x00000000e4200000)
  from space 228352K, 58% used [0x00000000f2100000,0x00000000fa2fca60,0x0000000100000000)
  to   space 228352K, 0% used [0x00000000e4200000,0x00000000e4200000,0x00000000f2100000)
 ParOldGen       total 1250304K, used 915328K [0x0000000082800000, 0x00000000ced00000, 0x00000000d6300000)
  object space 1250304K, 73% used [0x0000000082800000,0x00000000ba5e03f8,0x00000000ced00000)
 Metaspace       used 20742K, capacity 21338K, committed 21504K, reserved 1069056K
  class space    used 2350K, capacity 2527K, committed 2560K, reserved 1048576K
GC Heap History (10 events):
Event: 18.138 GC heap before
{Heap before GC invocations=34 (full 5):
 PSYoungGen      total 455168K, used 396704K [0x00000000d6300000, 0x0000000100000000, 0x0000000100000000)
  eden space 247808K, 100% used [0x00000000d6300000,0x00000000e5500000,0x00000000e5500000)
  from space 207360K, 71% used [0x00000000f2e80000,0x00000000fbfe8010,0x00000000ff900000)
  to   space 218624K, 0% used [0x00000000e5500000,0x00000000e5500000,0x00000000f2a80000)
 ParOldGen       total 915456K, used 685885K [0x0000000082800000, 0x00000000ba600000, 0x00000000d6300000)
  object space 915456K, 74% used [0x0000000082800000,0x00000000ac5cf4d0,0x00000000ba600000)
 Metaspace       used 15723K, capacity 16142K, committed 16384K, reserved 1062912K
  class space    used 1866K, capacity 2013K, committed 2048K, reserved 1048576K
Event: 18.338 GC heap after
Heap after GC invocations=34 (full 5):
 PSYoungGen      total 435200K, used 187200K [0x00000000d6300000, 0x0000000100000000, 0x0000000100000000)
  eden space 247808K, 0% used [0x00000000d6300000,0x00000000d6300000,0x00000000e5500000)
  from space 187392K, 99% used [0x00000000e5500000,0x00000000f0bd0020,0x00000000f0c00000)
  to   space 228352K, 0% used [0x00000000f2100000,0x00000000f2100000,0x0000000100000000)
 ParOldGen       total 915456K, used 685893K [0x0000000082800000, 0x00000000ba600000, 0x00000000d6300000)
  object space 915456K, 74% used [0x0000000082800000,0x00000000ac5d14d0,0x00000000ba600000)
 Metaspace       used 15723K, capacity 16142K, committed 16384K, reserved 1062912K
  class space    used 1866K, capacity 2013K, committed 2048K, reserved 1048576K
}
Event: 18.566 GC heap before
{Heap before GC invocations=35 (full 5):
 PSYoungGen      total 435200K, used 435008K [0x00000000d6300000, 0x0000000100000000, 0x0000000100000000)
  eden space 247808K, 100% used [0x00000000d6300000,0x00000000e5500000,0x00000000e5500000)
  from space 187392K, 99% used [0x00000000e5500000,0x00000000f0bd0020,0x00000000f0c00000)
  to   space 228352K, 0% used [0x00000000f2100000,0x00000000f2100000,0x0000000100000000)
 ParOldGen       total 915456K, used 685893K [0x0000000082800000, 0x00000000ba600000, 0x00000000d6300000)
  object space 915456K, 74% used [0x0000000082800000,0x00000000ac5d14d0,0x00000000ba600000)
 Metaspace       used 15723K, capacity 16142K, committed 16384K, reserved 1062912K
  class space    used 1866K, capacity 2013K, committed 2048K, reserved 1048576K
Event: 18.812 GC heap after
Heap after GC invocations=35 (full 5):
 PSYoungGen      total 456704K, used 171936K [0x00000000d6300000, 0x0000000100000000, 0x0000000100000000)
  eden space 228352K, 0% used [0x00000000d6300000,0x00000000d6300000,0x00000000e4200000)
  from space 228352K, 75% used [0x00000000f2100000,0x00000000fc8e8010,0x0000000100000000)
  to   space 228352K, 0% used [0x00000000e4200000,0x00000000e4200000,0x00000000f2100000)
 ParOldGen       total 915456K, used 748077K [0x0000000082800000, 0x00000000ba600000, 0x00000000d6300000)
  object space 915456K, 81% used [0x0000000082800000,0x00000000b028b4e0,0x00000000ba600000)
 Metaspace       used 15723K, capacity 16142K, committed 16384K, reserved 1062912K
  class space    used 1866K, capacity 2013K, committed 2048K, reserved 1048576K
}
Event: 19.138 GC heap before
{Heap before GC invocations=36 (full 5):
 PSYoungGen      total 456704K, used 400288K [0x00000000d6300000, 0x0000000100000000, 0x0000000100000000)
  eden space 228352K, 100% used [0x00000000d6300000,0x00000000e4200000,0x00000000e4200000)
  from space 228352K, 75% used [0x00000000f2100000,0x00000000fc8e8010,0x0000000100000000)
  to   space 228352K, 0% used [0x00000000e4200000,0x00000000e4200000,0x00000000f2100000)
 ParOldGen       total 915456K, used 748077K [0x0000000082800000, 0x00000000ba600000, 0x00000000d6300000)
  object space 915456K, 81% used [0x0000000082800000,0x00000000b028b4e0,0x00000000ba600000)
 Metaspace       used 16166K, capacity 16584K, committed 17024K, reserved 1064960K
  class space    used 1905K, capacity 2050K, committed 2176K, reserved 1048576K
Event: 19.390 GC heap after
Heap after GC invocations=36 (full 5):
 PSYoungGen      total 456704K, used 160057K [0x00000000d6300000, 0x0000000100000000, 0x0000000100000000)
  eden space 228352K, 0% used [0x00000000d6300000,0x00000000d6300000,0x00000000e4200000)
  from space 228352K, 70% used [0x00000000e4200000,0x00000000ede4e7b0,0x00000000f2100000)
  to   space 228352K, 0% used [0x00000000f2100000,0x00000000f2100000,0x0000000100000000)
 ParOldGen       total 915456K, used 805293K [0x0000000082800000, 0x00000000ba600000, 0x00000000d6300000)
  object space 915456K, 87% used [0x0000000082800000,0x00000000b3a6b4e0,0x00000000ba600000)
 Metaspace       used 16166K, capacity 16584K, committed 17024K, reserved 1064960K
  class space    used 1905K, capacity 2050K, committed 2176K, reserved 1048576K
}
Event: 20.411 GC heap before
{Heap before GC invocations=37 (full 5):
 PSYoungGen      total 456704K, used 388409K [0x00000000d6300000, 0x0000000100000000, 0x0000000100000000)
  eden space 228352K, 100% used [0x00000000d6300000,0x00000000e4200000,0x00000000e4200000)
  from space 228352K, 70% used [0x00000000e4200000,0x00000000ede4e7b0,0x00000000f2100000)
  to   space 228352K, 0% used [0x00000000f2100000,0x00000000f2100000,0x0000000100000000)
 ParOldGen       total 915456K, used 805293K [0x0000000082800000, 0x00000000ba600000, 0x00000000d6300000)
  object space 915456K, 87% used [0x0000000082800000,0x00000000b3a6b4e0,0x00000000ba600000)
 Metaspace       used 18464K, capacity 18990K, committed 19200K, reserved 1067008K
  class space    used 2124K, capacity 2279K, committed 2304K, reserved 1048576K
Event: 20.676 GC heap after
Heap after GC invocations=37 (full 5):
 PSYoungGen      total 456704K, used 183629K [0x00000000d6300000, 0x0000000100000000, 0x0000000100000000)
  eden space 228352K, 0% used [0x00000000d6300000,0x00000000d6300000,0x00000000e4200000)
  from space 228352K, 80% used [0x00000000f2100000,0x00000000fd4537b0,0x0000000100000000)
  to   space 228352K, 0% used [0x00000000e4200000,0x00000000e4200000,0x00000000f2100000)
 ParOldGen       total 915456K, used 872429K [0x0000000082800000, 0x00000000ba600000, 0x00000000d6300000)
  object space 915456K, 95% used [0x0000000082800000,0x00000000b7bfb4f0,0x00000000ba600000)
 Metaspace       used 18464K, capacity 18990K, committed 19200K, reserved 1067008K
  class space    used 2124K, capacity 2279K, committed 2304K, reserved 1048576K
}
Event: 20.676 GC heap before
{Heap before GC invocations=38 (full 6):
 PSYoungGen      total 456704K, used 183629K [0x00000000d6300000, 0x0000000100000000, 0x0000000100000000)
  eden space 228352K, 0% used [0x00000000d6300000,0x00000000d6300000,0x00000000e4200000)
  from space 228352K, 80% used [0x00000000f2100000,0x00000000fd4537b0,0x0000000100000000)
  to   space 228352K, 0% used [0x00000000e4200000,0x00000000e4200000,0x00000000f2100000)
 ParOldGen       total 915456K, used 872429K [0x0000000082800000, 0x00000000ba600000, 0x00000000d6300000)
  object space 915456K, 95% used [0x0000000082800000,0x00000000b7bfb4f0,0x00000000ba600000)
 Metaspace       used 18464K, capacity 18990K, committed 19200K, reserved 1067008K
  class space    used 2124K, capacity 2279K, committed 2304K, reserved 1048576K
Event: 24.658 GC heap after
Heap after GC invocations=38 (full 6):
 PSYoungGen      total 456704K, used 133106K [0x00000000d6300000, 0x0000000100000000, 0x0000000100000000)
  eden space 228352K, 0% used [0x00000000d6300000,0x00000000d6300000,0x00000000e4200000)
  from space 228352K, 58% used [0x00000000f2100000,0x00000000fa2fca60,0x0000000100000000)
  to   space 228352K, 0% used [0x00000000e4200000,0x00000000e4200000,0x00000000f2100000)
 ParOldGen       total 1250304K, used 915328K [0x0000000082800000, 0x00000000ced00000, 0x00000000d6300000)
  object space 1250304K, 73% used [0x0000000082800000,0x00000000ba5e03f8,0x00000000ced00000)
 Metaspace       used 18464K, capacity 18990K, committed 19200K, reserved 1067008K
  class space    used 2124K, capacity 2279K, committed 2304K, reserved 1048576K
}

